<?xml version='1.0' encoding='UTF-8'?>
<testsuite hostname="tsf-460-wpa-2-097.epfl.ch" name="amyc.LexerTests" tests="20" errors="0" failures="0" skipped="0" time="0.305" timestamp="2022-10-19T10:22:23">
          <properties>
      <property name="java.specification.version" value="18"/><property name="sun.jnu.encoding" value="UTF-8"/><property name="sun.arch.data.model" value="64"/><property name="java.vendor.url" value="https://java.oracle.com/"/><property name="sun.boot.library.path" value="/Library/Java/JavaVirtualMachines/jdk-18.jdk/Contents/Home/lib"/><property name="sun.java.command" value="/Users/anjim1/Library/Caches/Coursier/arc/https/github.com/sbt/sbt/releases/download/v1.6.2/sbt-1.6.2.zip/sbt/bin/sbt-launch.jar"/><property name="jdk.debug" value="release"/><property name="sun.stderr.encoding" value="UTF-8"/><property name="java.specification.vendor" value="Oracle Corporation"/><property name="java.version.date" value="2022-03-22"/><property name="java.home" value="/Library/Java/JavaVirtualMachines/jdk-18.jdk/Contents/Home"/><property name="file.separator" value="/"/><property name="java.vm.compressedOopsMode" value="Zero based"/><property name="line.separator" value="
"/><property name="sun.stdout.encoding" value="UTF-8"/><property name="java.vm.specification.vendor" value="Oracle Corporation"/><property name="java.specification.name" value="Java Platform API Specification"/><property name="sun.management.compiler" value="HotSpot 64-Bit Tiered Compilers"/><property name="java.runtime.version" value="18+36-2087"/><property name="user.name" value="anjim1"/><property name="log4j.ignoreTCL" value="true"/><property name="file.encoding" value="UTF-8"/><property name="jnidispatch.path" value="/Users/anjim1/Library/Caches/JNA/temp/jna14267520878790190433.tmp"/><property name="jna.loaded" value="true"/><property name="java.io.tmpdir" value="/var/folders/cr/8ypzb9l94nz2d0rbv819kmrr0000gn/T/"/><property name="java.version" value="18"/><property name="java.vm.specification.name" value="Java Virtual Machine Specification"/><property name="native.encoding" value="UTF-8"/><property name="java.library.path" value="/Users/anjim1/Library/Java/Extensions:/Library/Java/Extensions:/Network/Library/Java/Extensions:/System/Library/Java/Extensions:/usr/lib/java:."/><property name="java.vendor" value="Oracle Corporation"/><property name="scala.ext.dirs" value="/Users/anjim1/.sbt/1.0/java9-rt-ext-oracle_corporation_18"/><property name="sun.io.unicode.encoding" value="UnicodeBig"/><property name="socksNonProxyHosts" value="local|*.local|169.254/16|*.169.254/16"/><property name="java.class.path" value="/Users/anjim1/Library/Caches/Coursier/arc/https/github.com/sbt/sbt/releases/download/v1.6.2/sbt-1.6.2.zip/sbt/bin/sbt-launch.jar"/><property name="java.vm.vendor" value="Oracle Corporation"/><property name="jline.shutdownhook" value="false"/><property name="user.timezone" value="Europe/Zurich"/><property name="java.vm.specification.version" value="18"/><property name="os.name" value="Mac OS X"/><property name="sun.java.launcher" value="SUN_STANDARD"/><property name="user.country" value="GB"/><property name="http.nonProxyHosts" value="local|*.local|169.254/16|*.169.254/16"/><property name="sun.cpu.endian" value="little"/><property name="user.home" value="/Users/anjim1"/><property name="user.language" value="en"/><property name="sbt.script" value="/Users/anjim1/Library/Caches/Coursier/arc/https/github.com/sbt/sbt/releases/download/v1.6.2/sbt-1.6.2.zip/sbt/bin/sbt"/><property name="sbt.ipcsocket.tmpdir" value="/var/folders/cr/8ypzb9l94nz2d0rbv819kmrr0000gn/T/.sbt/ipcsocket"/><property name="swoval.tmpdir" value="/var/folders/cr/8ypzb9l94nz2d0rbv819kmrr0000gn/T/.sbt/swoval"/><property name="apple.awt.application.name" value="Boot"/><property name="jline.esc.timeout" value="0"/><property name="ftp.nonProxyHosts" value="local|*.local|169.254/16|*.169.254/16"/><property name="path.separator" value=":"/><property name="os.version" value="12.6"/><property name="jna.nosys" value="true"/><property name="java.runtime.name" value="Java(TM) SE Runtime Environment"/><property name="java.vm.name" value="Java HotSpot(TM) 64-Bit Server VM"/><property name="jna.platform.library.path" value="/usr/lib:/usr/lib"/><property name="java.vendor.url.bug" value="https://bugreport.java.com/bugreport/"/><property name="user.dir" value="/Users/anjim1/Desktop/CS320/cs320-group16"/><property name="os.arch" value="x86_64"/><property name="java.vm.info" value="mixed mode, sharing"/><property name="java.vm.version" value="18+36-2087"/><property name="java.class.version" value="62.0"/>
    </properties>
          <testcase classname="amyc.LexerTests" name="testCommentClosedTwice" time="0.123">
                      
                    </testcase><testcase classname="amyc.LexerTests" name="testUnclosedComment" time="0.007">
                      
                    </testcase><testcase classname="amyc.LexerTests" name="testOperators" time="0.018">
                      
                    </testcase><testcase classname="amyc.LexerTests" name="testCombinations" time="0.02">
                      
                    </testcase><testcase classname="amyc.LexerTests" name="testTwoFiles" time="0.034">
                      
                    </testcase><testcase classname="amyc.LexerTests" name="testStringLiterals" time="0.01">
                      
                    </testcase><testcase classname="amyc.LexerTests" name="testTooBigInt" time="0.004">
                      
                    </testcase><testcase classname="amyc.LexerTests" name="testSingleAmp" time="0.007">
                      
                    </testcase><testcase classname="amyc.LexerTests" name="testSingleBar" time="0.004">
                      
                    </testcase><testcase classname="amyc.LexerTests" name="testUnclosedComment2" time="0.004">
                      
                    </testcase><testcase classname="amyc.LexerTests" name="testUnclosedComment3" time="0.006">
                      
                    </testcase><testcase classname="amyc.LexerTests" name="testUnclosedString1" time="0.003">
                      
                    </testcase><testcase classname="amyc.LexerTests" name="testUnclosedString2" time="0.004">
                      
                    </testcase><testcase classname="amyc.LexerTests" name="testWhitespace" time="0.008">
                      
                    </testcase><testcase classname="amyc.LexerTests" name="testDelimiters" time="0.008">
                      
                    </testcase><testcase classname="amyc.LexerTests" name="testComments" time="0.009">
                      
                    </testcase><testcase classname="amyc.LexerTests" name="testIdentifiers" time="0.012">
                      
                    </testcase><testcase classname="amyc.LexerTests" name="testKeywords" time="0.013">
                      
                    </testcase><testcase classname="amyc.LexerTests" name="testInvalid" time="0.003">
                      
                    </testcase><testcase classname="amyc.LexerTests" name="testIntLiterals" time="0.008">
                      
                    </testcase>
          <system-out><![CDATA[]]></system-out>
          <system-err><![CDATA[]]></system-err>
        </testsuite>